101.02.11 16:37 A C:\Inetpub\wwwroot\waw\web\assets\about_off.gif <-- Writing at Work /web/assets about_off.gif
101.02.11 16:37 A C:\Inetpub\wwwroot\waw\web\assets\about_on.gif <-- Writing at Work /web/assets about_on.gif
101.02.11 16:37 A C:\Inetpub\wwwroot\waw\web\assets\articles_off.gif <-- Writing at Work /web/assets articles_off.gif
101.02.11 16:37 A C:\Inetpub\wwwroot\waw\web\assets\articles_on.gif <-- Writing at Work /web/assets articles_on.gif
101.02.11 16:37 A C:\Inetpub\wwwroot\waw\web\assets\benefits_off.gif <-- Writing at Work /web/assets benefits_off.gif
101.02.11 16:37 A C:\Inetpub\wwwroot\waw\web\assets\benefits_on.gif <-- Writing at Work /web/assets benefits_on.gif
101.02.11 16:37 A C:\Inetpub\wwwroot\waw\web\assets\book-1.gif <-- Writing at Work /web/assets book-1.gif
101.02.11 16:37 A C:\Inetpub\wwwroot\waw\web\assets\boxin.gif <-- Writing at Work /web/assets boxin.gif
101.02.11 16:37 A C:\Inetpub\wwwroot\waw\web\assets\bullet.gif <-- Writing at Work /web/assets bullet.gif
101.02.11 16:37 A C:\Inetpub\wwwroot\waw\web\assets\checkmark.gif <-- Writing at Work /web/assets checkmark.gif
101.02.11 16:37 A C:\Inetpub\wwwroot\waw\web\assets\Cityline.jpg <-- Writing at Work /web/assets Cityline.jpg
101.02.11 16:37 A C:\Inetpub\wwwroot\waw\web\assets\clients_off.gif <-- Writing at Work /web/assets clients_off.gif
101.02.11 16:37 A C:\Inetpub\wwwroot\waw\web\assets\clients_on.gif <-- Writing at Work /web/assets clients_on.gif
101.02.11 16:37 A C:\Inetpub\wwwroot\waw\web\assets\contact_off.gif <-- Writing at Work /web/assets contact_off.gif
101.02.11 16:37 A C:\Inetpub\wwwroot\waw\web\assets\contact_on.gif <-- Writing at Work /web/assets contact_on.gif
101.02.11 16:37 A C:\Inetpub\wwwroot\waw\web\assets\courses_off.gif <-- Writing at Work /web/assets courses_off.gif
101.02.11 16:37 A C:\Inetpub\wwwroot\waw\web\assets\courses_on.gif <-- Writing at Work /web/assets courses_on.gif
101.02.11 16:37 A C:\Inetpub\wwwroot\waw\web\assets\getacro.gif <-- Writing at Work /web/assets getacro.gif
101.02.11 16:37 A C:\Inetpub\wwwroot\waw\web\assets\goals_off.gif <-- Writing at Work /web/assets goals_off.gif
101.02.11 16:37 A C:\Inetpub\wwwroot\waw\web\assets\goals_on.gif <-- Writing at Work /web/assets goals_on.gif
101.02.11 16:37 A C:\Inetpub\wwwroot\waw\web\assets\logo_waw.gif <-- Writing at Work /web/assets logo_waw.gif
101.02.11 16:37 A C:\Inetpub\wwwroot\waw\web\assets\Meetng07.gif <-- Writing at Work /web/assets Meetng07.gif
101.02.11 16:37 A C:\Inetpub\wwwroot\waw\web\assets\Meetng34.jpg <-- Writing at Work /web/assets Meetng34.jpg
101.02.11 16:37 A C:\Inetpub\wwwroot\waw\web\assets\Meetng46.gif <-- Writing at Work /web/assets Meetng46.gif
101.02.11 16:37 A C:\Inetpub\wwwroot\waw\web\assets\Notepad.gif <-- Writing at Work /web/assets Notepad.gif
101.02.11 16:37 A C:\Inetpub\wwwroot\waw\web\assets\Notepad2.gif <-- Writing at Work /web/assets Notepad2.gif
101.02.11 16:37 A C:\Inetpub\wwwroot\waw\web\assets\Pencil.jpg <-- Writing at Work /web/assets Pencil.jpg
101.02.11 16:37 A C:\Inetpub\wwwroot\waw\web\assets\pencil2.gif <-- Writing at Work /web/assets pencil2.gif
101.02.11 16:37 A C:\Inetpub\wwwroot\waw\web\assets\ringing_phone-1.gif <-- Writing at Work /web/assets ringing_phone-1.gif
101.02.11 16:37 A C:\Inetpub\wwwroot\waw\web\assets\seminars_off.gif <-- Writing at Work /web/assets seminars_off.gif
101.02.11 16:37 A C:\Inetpub\wwwroot\waw\web\assets\seminars_on.gif <-- Writing at Work /web/assets seminars_on.gif
101.02.11 16:37 A C:\Inetpub\wwwroot\waw\web\assets\services_off.gif <-- Writing at Work /web/assets services_off.gif
101.02.11 16:37 A C:\Inetpub\wwwroot\waw\web\assets\services_on.gif <-- Writing at Work /web/assets services_on.gif
103.08.06 08:30 B C:\Inetpub\wwwroot\waw\web\assets\speaking_on.gif <-- Writing at Work /web/assets speaking_on.gif
103.08.06 08:30 B C:\Inetpub\wwwroot\waw\web\assets\speaking_off.gif <-- Writing at Work /web/assets speaking_off.gif
103.08.06 08:36 B C:\Inetpub\wwwroot\waw\web\assets\speaking_off.gif <-- Writing at Work /web/assets speaking_off.gif
103.08.06 08:36 B C:\Inetpub\wwwroot\waw\web\assets\speaking_on.gif <-- Writing at Work /web/assets speaking_on.gif
103.10.07 11:36 B C:\Inetpub\wwwroot\waw\web\assets\Meetng46quote.gif --> www.writingatworkonline.com /web/assets Meetng46quote.gif
103.10.07 11:49 A C:\Inetpub\wwwroot\waw\web\assets\Meetng34quote.gif --> www.writingatworkonline.com /web/assets Meetng34quote.gif
103.10.07 11:49 B C:\Inetpub\wwwroot\waw\web\assets\Meetng34quote.gif --> www.writingatworkonline.com /web/assets Meetng34quote.gif
103.10.07 11:57 B C:\Inetpub\wwwroot\waw\web\assets\Meetng07quote.gif --> www.writingatworkonline.com /web/assets Meetng07quote.gif
113.10.29 21:21 B C:\Users\Public\Inetpub_Backup\wwwroot\waw\web\assets\about_off.gif <-- WAW_Current /public/assets about_off.gif
113.10.29 21:21 B C:\Users\Public\Inetpub_Backup\wwwroot\waw\web\assets\about_on.gif <-- WAW_Current /public/assets about_on.gif
113.10.29 21:21 B C:\Users\Public\Inetpub_Backup\wwwroot\waw\web\assets\articles_off.gif <-- WAW_Current /public/assets articles_off.gif
113.10.29 21:21 B C:\Users\Public\Inetpub_Backup\wwwroot\waw\web\assets\articles_on.gif <-- WAW_Current /public/assets articles_on.gif
113.10.29 21:21 B C:\Users\Public\Inetpub_Backup\wwwroot\waw\web\assets\assnnav.jpg <-- WAW_Current /public/assets assnnav.jpg
113.10.29 21:21 B C:\Users\Public\Inetpub_Backup\wwwroot\waw\web\assets\benefits_off.gif <-- WAW_Current /public/assets benefits_off.gif
113.10.29 21:21 B C:\Users\Public\Inetpub_Backup\wwwroot\waw\web\assets\benefits_on.gif <-- WAW_Current /public/assets benefits_on.gif
113.10.29 21:21 B C:\Users\Public\Inetpub_Backup\wwwroot\waw\web\assets\book-1.gif <-- WAW_Current /public/assets book-1.gif
113.10.29 21:21 B C:\Users\Public\Inetpub_Backup\wwwroot\waw\web\assets\boxin.gif <-- WAW_Current /public/assets boxin.gif
113.10.29 21:21 B C:\Users\Public\Inetpub_Backup\wwwroot\waw\web\assets\bullet.gif <-- WAW_Current /public/assets bullet.gif
113.10.29 21:21 B C:\Users\Public\Inetpub_Backup\wwwroot\waw\web\assets\checkmark.gif <-- WAW_Current /public/assets checkmark.gif
113.10.29 21:21 B C:\Users\Public\Inetpub_Backup\wwwroot\waw\web\assets\Cityline.jpg <-- WAW_Current /public/assets Cityline.jpg
113.10.29 21:21 B C:\Users\Public\Inetpub_Backup\wwwroot\waw\web\assets\clients_off.gif <-- WAW_Current /public/assets clients_off.gif
113.10.29 21:21 B C:\Users\Public\Inetpub_Backup\wwwroot\waw\web\assets\clients_on.gif <-- WAW_Current /public/assets clients_on.gif
113.10.29 21:21 B C:\Users\Public\Inetpub_Backup\wwwroot\waw\web\assets\contact_off.gif <-- WAW_Current /public/assets contact_off.gif
113.10.29 21:21 B C:\Users\Public\Inetpub_Backup\wwwroot\waw\web\assets\contact_on.gif <-- WAW_Current /public/assets contact_on.gif
113.10.29 21:21 B C:\Users\Public\Inetpub_Backup\wwwroot\waw\web\assets\courses_off.gif <-- WAW_Current /public/assets courses_off.gif
113.10.29 21:21 B C:\Users\Public\Inetpub_Backup\wwwroot\waw\web\assets\courses_on.gif <-- WAW_Current /public/assets courses_on.gif
113.10.29 21:21 B C:\Users\Public\Inetpub_Backup\wwwroot\waw\web\assets\getacro.gif <-- WAW_Current /public/assets getacro.gif
113.10.29 21:21 B C:\Users\Public\Inetpub_Backup\wwwroot\waw\web\assets\goals_off.gif <-- WAW_Current /public/assets goals_off.gif
113.10.29 21:21 B C:\Users\Public\Inetpub_Backup\wwwroot\waw\web\assets\goals_on.gif <-- WAW_Current /public/assets goals_on.gif
113.10.29 21:21 B C:\Users\Public\Inetpub_Backup\wwwroot\waw\web\assets\logo_waw.gif <-- WAW_Current /public/assets logo_waw.gif
113.10.29 21:21 B C:\Users\Public\Inetpub_Backup\wwwroot\waw\web\assets\Meetng07.gif <-- WAW_Current /public/assets Meetng07.gif
113.10.29 21:21 B C:\Users\Public\Inetpub_Backup\wwwroot\waw\web\assets\Meetng07quote.gif <-- WAW_Current /public/assets Meetng07quote.gif
113.10.29 21:21 B C:\Users\Public\Inetpub_Backup\wwwroot\waw\web\assets\Meetng34.jpg <-- WAW_Current /public/assets Meetng34.jpg
113.10.29 21:21 B C:\Users\Public\Inetpub_Backup\wwwroot\waw\web\assets\Meetng34quote.gif <-- WAW_Current /public/assets Meetng34quote.gif
113.10.29 21:21 B C:\Users\Public\Inetpub_Backup\wwwroot\waw\web\assets\Meetng46.gif <-- WAW_Current /public/assets Meetng46.gif
113.10.29 21:21 B C:\Users\Public\Inetpub_Backup\wwwroot\waw\web\assets\Meetng46quote.gif <-- WAW_Current /public/assets Meetng46quote.gif
113.10.29 21:21 B C:\Users\Public\Inetpub_Backup\wwwroot\waw\web\assets\Notepad.gif <-- WAW_Current /public/assets Notepad.gif
113.10.29 21:21 B C:\Users\Public\Inetpub_Backup\wwwroot\waw\web\assets\Notepad2.gif <-- WAW_Current /public/assets Notepad2.gif
113.10.29 21:21 B C:\Users\Public\Inetpub_Backup\wwwroot\waw\web\assets\Pencil.jpg <-- WAW_Current /public/assets Pencil.jpg
113.10.29 21:21 B C:\Users\Public\Inetpub_Backup\wwwroot\waw\web\assets\pencil2.gif <-- WAW_Current /public/assets pencil2.gif
113.10.29 21:21 B C:\Users\Public\Inetpub_Backup\wwwroot\waw\web\assets\pittcon.jpg <-- WAW_Current /public/assets pittcon.jpg
113.10.29 21:21 B C:\Users\Public\Inetpub_Backup\wwwroot\waw\web\assets\ringing_phone-1.gif <-- WAW_Current /public/assets ringing_phone-1.gif
113.10.29 21:21 B C:\Users\Public\Inetpub_Backup\wwwroot\waw\web\assets\sample1.gif <-- WAW_Current /public/assets sample1.gif
113.10.29 21:21 B C:\Users\Public\Inetpub_Backup\wwwroot\waw\web\assets\seminars_off.gif <-- WAW_Current /public/assets seminars_off.gif
113.10.29 21:21 B C:\Users\Public\Inetpub_Backup\wwwroot\waw\web\assets\seminars_on.gif <-- WAW_Current /public/assets seminars_on.gif
113.10.29 21:21 B C:\Users\Public\Inetpub_Backup\wwwroot\waw\web\assets\services_off.gif <-- WAW_Current /public/assets services_off.gif
113.10.29 21:21 B C:\Users\Public\Inetpub_Backup\wwwroot\waw\web\assets\services_on.gif <-- WAW_Current /public/assets services_on.gif
113.10.29 21:21 B C:\Users\Public\Inetpub_Backup\wwwroot\waw\web\assets\speaking_off.gif <-- WAW_Current /public/assets speaking_off.gif
113.10.29 21:21 B C:\Users\Public\Inetpub_Backup\wwwroot\waw\web\assets\speaking_on.gif <-- WAW_Current /public/assets speaking_on.gif
